master: 6a46f23 Merge pull request #5467 from toslunar/fix-lstsq-empty
============================= test session starts ==============================
platform linux -- Python 3.8.7, pytest-6.2.2, py-1.10.0, pluggy-0.13.1
rootdir: /home/kmaeh/Development/cupy-rocm-ci-report/tools/tmp.9dvlgjZu3B/cupy, configfile: setup.cfg
plugins: html-3.1.1, metadata-1.11.0
collected 72732 items / 71 deselected / 12 skipped / 72649 selected

tests/cupy_tests/test_cublas.py ........................................ [  0%]
........................................................................ [  0%]
........................................................................ [  0%]
........................................................................ [  0%]
........................................................................ [  0%]
........................................................................ [  0%]
........................................................................ [  0%]
........................................................................ [  0%]
........................................................................ [  0%]
........................................................................ [  0%]
........................................................................ [  1%]
........................................................................ [  1%]
........................................................................ [  1%]
........................................................................ [  1%]
........................................................................ [  1%]
........................................................................ [  1%]
........................................................................ [  1%]
........................................................................ [  1%]
........................................................................ [  1%]
........................................................................ [  1%]
........................................................................ [  2%]
........................................................................ [  2%]
........................................................................ [  2%]
........................................................................ [  2%]
........................................................................ [  2%]
........................................................................ [  2%]
........................................................................ [  2%]
........................................................................ [  2%]
........................................................................ [  2%]
........................................................................ [  2%]
........................................................................ [  3%]
........................................................................ [  3%]
........................................................................ [  3%]
...........................x...........x.............................x.. [  3%]
.........x..........                                                     [  3%]
tests/cupy_tests/test_cudnn.py sssssssssssssssssssssssssssssssssssssssss [  3%]
ssssssssssssssssssssssssssssssssssssssssssssssssssssssssssssssssssssssss [  3%]
ssssssssssssssssssssssssssssssssssssssssssssssssssssssssssssssssssssssss [  3%]
ssssssssssssssssssssssssssssssssssssssssssssssssssssssssssssssssssssssss [  3%]
ssssssssssssssssssssssssssssssssssssssssssssssssssssssssssssssssssssssss [  3%]
ssssssssssssssssssssssssssssssssssssssssssssssssssssssssssssssssssssssss [  3%]
ssssssssssssssssssssssssssssssssssssssssssssssssssssssssssssssssssssssss [  4%]
ssssssssssssssssssssssssssssssssssssssssssssssssssssssssssssssssssssssss [  4%]
ssssssssssssssssssssssssssssssssssssssssssssssssssssssssssssssssssssssss [  4%]
ssssssssssssssssssssssssssssssssssssssssssssssssssssssssssssssssssssssss [  4%]
ssssssssssssssssssssssssssssssssssssssssssssssssssssssssssssssssssssssss [  4%]
ssssssssssssssssssssssssssssssssssssssssssssssssssssssssssssssssssssssss [  4%]
ssssssssssssssssssssssssssssssssssssssssssssssssssssssssssssssssssssssss [  4%]
ssssssssssssssssssssssssssssssssssssssssssssssssssssssssssssssssssssssss [  4%]
ssssssssssssssssssssssssssssssssssssssssssssssssssssssssssssssssssssssss [  4%]
ssssssssssssssssssssssssssssssssssssssssssssssssssssssssssssssssssssssss [  4%]
ssssssssssssssssssssssssssssssssssssssssssssssssssssssssssssssssssssssss [  4%]
ssssssssssssssssssssssssssssssssssssssssssssssssssssssssssssssssssssssss [  5%]
ssssssssssssssssssssssssssssssssssssssssssssssssssssssssssssssssssssssss [  5%]
ssssssssssssssssssssssssssssssssssssssssssssssssssssssssssssssssssssssss [  5%]
ssssssssssssssssssssssssssssssssssssssssssssssssssssssssssssssssssssssss [  5%]
ssssssssssssssssssssssssssssssssssssssssssssssssssssssssssssssssssssssss [  5%]
ssssssssssssssssssssssssssssssssssssssssssssssssssssssssssssssssssssssss [  5%]
ssssssssssssssssssssssssssssssssssssssssssssssssssssssssssssssssssssssss [  5%]
ssssssssssssssssssssssssssssssssssssssssssssssssssssssssssssssssssssssss [  5%]
sssssssssssssssssssssssssssssssssssssssssssssssssssssss                  [  5%]
tests/cupy_tests/test_cusolver.py ssssssssssssssssssssssssssssssssssssss [  5%]
ssssssssssssssssssssssssssssssssssssssssssssssssssssssssssssssssssssssss [  6%]
ssssssssssssssssssssssssssssssssssssssssssssssssssssssssssssssssssssssss [  6%]
ssssssssssssssssssssssssssssssssssssssssssssssssssssssssssssssssssssssss [  6%]
ssssssssssssssssssssssssssssssssssssssssssssssssssssssssssssssssssssssss [  6%]
ssssssssssssssssssssssssssssssssssssssssssssssssssssssssssssssssssssssss [  6%]
ssssssssssssssssssssssssssssssssssssssssssssssssssssssssssssssssssssssss [  6%]
ssssssssssssssssssssssssssssssssssssssssssssssssssssssssssssssssssssssss [  6%]
ssssssssssssssssssssssssssssssssssssssssssssssssssssssssssssssssssssssss [  6%]
ssssssssssssssssssssssssssssssssss                                       [  6%]
tests/cupy_tests/test_cutensor.py ssssssssssssssssssssssssssssssssssssss [  6%]
sssssssssssssssssssssssssssssssssssss                                    [  6%]
tests/cupy_tests/test_init.py ..s........                                [  6%]
tests/cupy_tests/test_ndim.py ............                               [  6%]
tests/cupy_tests/test_numpy_interop.py ..x......                         [  6%]
tests/cupy_tests/test_type_routines.py ................................. [  6%]
.                                                                        [  6%]
tests/cupy_tests/binary_tests/test_elementwise.py ......                 [  6%]
tests/cupy_tests/binary_tests/test_packing.py ...                        [  6%]
tests/cupy_tests/core_tests/test_array_function.py .....                 [  6%]
tests/cupy_tests/core_tests/test_carray.py .....                         [  6%]
tests/cupy_tests/core_tests/test_core.py ......                          [  6%]
tests/cupy_tests/core_tests/test_cub_reduction.py ...................... [  7%]
...                                                                      [  7%]
tests/cupy_tests/core_tests/test_dlpack.py ......                        [  7%]
tests/cupy_tests/core_tests/test_elementwise.py ...............          [  7%]
tests/cupy_tests/core_tests/test_flags.py .............................  [  7%]
tests/cupy_tests/core_tests/test_function.py .....                       [  7%]
tests/cupy_tests/core_tests/test_gufuncs.py ............................ [  7%]
................................                                         [  7%]
tests/cupy_tests/core_tests/test_internal.py ........................... [  7%]
...............................................................          [  7%]
tests/cupy_tests/core_tests/test_iter.py ............                    [  7%]
tests/cupy_tests/core_tests/test_ndarray.py ..........................ss [  7%]
ssss.................................................................... [  7%]
......................F...sss...............                             [  7%]
tests/cupy_tests/core_tests/test_ndarray_adv_indexing.py ............... [  7%]
........................................................................ [  7%]
........................................................................ [  7%]
........................................................................ [  7%]
.............................................                            [  7%]
tests/cupy_tests/core_tests/test_ndarray_complex_ops.py ................ [  7%]
.....                                                                    [  7%]
tests/cupy_tests/core_tests/test_ndarray_contiguity.py .                 [  7%]
tests/cupy_tests/core_tests/test_ndarray_conversion.py .......xx..       [  7%]
tests/cupy_tests/core_tests/test_ndarray_copy_and_view.py .............. [  7%]
.........................sssssss                                         [  8%]
tests/cupy_tests/core_tests/test_ndarray_cuda_array_interface.py sssssss [  8%]
sssssssssssssssssssssssssssssssssssssssssssssssss                        [  8%]
tests/cupy_tests/core_tests/test_ndarray_elementwise_op.py ............. [  8%]
........................................................................ [  8%]
.................................................................        [  8%]
tests/cupy_tests/core_tests/test_ndarray_get.py ............             [  8%]
tests/cupy_tests/core_tests/test_ndarray_indexing.py xxxx..........x...x [  8%]
........x..........x.............................                        [  8%]
tests/cupy_tests/core_tests/test_ndarray_math.py ......................s [  8%]
sssssssssss                                                              [  8%]
tests/cupy_tests/core_tests/test_ndarray_owndata.py ...                  [  8%]
tests/cupy_tests/core_tests/test_ndarray_reduction.py .................. [  8%]
........................................................................ [  8%]
........................................................................ [  8%]
................................                                         [  8%]
tests/cupy_tests/core_tests/test_ndarray_scatter.py .................... [  8%]
........................................................................ [  8%]
...............................................................          [  8%]
tests/cupy_tests/core_tests/test_ndarray_ufunc.py .........              [  8%]
tests/cupy_tests/core_tests/test_ndarray_unary_op.py .......F..........s [  8%]
...                                                                      [  8%]
tests/cupy_tests/core_tests/test_raw.py .ss.........sss..s.s.s........ss [  9%]
.........sss..s.s.s........ss.........sss..s.s.s......ssssssssssssssssss [  9%]
ssssssssssssssssssssssssssssssssssssssssssssssssssssssssssssssssssssss.s [  9%]
s.......sssss....s.s......sssssssssssssssssssssssssssss                  [  9%]
tests/cupy_tests/core_tests/test_reduction.py .......................    [  9%]
tests/cupy_tests/core_tests/test_scan.py ....                            [  9%]
tests/cupy_tests/core_tests/test_syncdetect.py ....                      [  9%]
tests/cupy_tests/core_tests/test_userkernel.py ....sss.............      [  9%]
tests/cupy_tests/core_tests/fusion_tests/test_array.py ................. [  9%]
........................................................................ [  9%]
....................................................                     [  9%]
tests/cupy_tests/core_tests/fusion_tests/test_indexing.py .............. [  9%]
.................s                                                       [  9%]
tests/cupy_tests/core_tests/fusion_tests/test_kernel_cache.py ....       [  9%]
tests/cupy_tests/core_tests/fusion_tests/test_misc.py .......s.......... [  9%]
........                                                                 [  9%]
tests/cupy_tests/core_tests/fusion_tests/test_optimization.py .......... [  9%]
....                                                                     [  9%]
tests/cupy_tests/core_tests/fusion_tests/test_reduction.py ............. [  9%]
........................................................................ [  9%]
.........................................................s.s.s.s.s.s.s.s [  9%]
.s.ssssssssssssssssss.sss                                                [  9%]
tests/cupy_tests/core_tests/fusion_tests/test_routines.py .............. [  9%]
........................................................................ [ 10%]
..............                                                           [ 10%]
tests/cupy_tests/core_tests/fusion_tests/test_ufunc.py ................. [ 10%]
......................................................                   [ 10%]
tests/cupy_tests/creation_tests/test_basic.py .......................... [ 10%]
...........................................................s............ [ 10%]
....s.                                                                   [ 10%]
tests/cupy_tests/creation_tests/test_from_data.py ssssssssssssssssssssss [ 10%]
sssssssssssssssssssssssssssssssssssssssssssssssssssssssssss............. [ 10%]
...................................................................      [ 10%]
tests/cupy_tests/creation_tests/test_matrix.py ......................... [ 10%]
.................................                                        [ 10%]
tests/cupy_tests/creation_tests/test_ranges.py ......................... [ 10%]
..............................................................           [ 10%]
tests/cupy_tests/cuda_tests/test_compiler.py sssssss........             [ 10%]
tests/cupy_tests/cuda_tests/test_cublas.py .                             [ 10%]
tests/cupy_tests/cuda_tests/test_cudnn.py s                              [ 10%]
tests/cupy_tests/cuda_tests/test_cufft.py ssssssssssssssss.              [ 10%]
tests/cupy_tests/cuda_tests/test_curand.py .....                         [ 10%]
tests/cupy_tests/cuda_tests/test_cusolver.py .                           [ 10%]
tests/cupy_tests/cuda_tests/test_cusparse.py .                           [ 10%]
tests/cupy_tests/cuda_tests/test_cutensor.py s                           [ 10%]
tests/cupy_tests/cuda_tests/test_device.py .............x..              [ 10%]
tests/cupy_tests/cuda_tests/test_driver.py ss.                           [ 10%]
tests/cupy_tests/cuda_tests/test_memory.py ....ssssssss................. [ 10%]
.ssssssssss......s.............................................sssssssss [ 10%]
ssssssssssss                                                             [ 10%]
tests/cupy_tests/cuda_tests/test_memory_hook.py .                        [ 10%]
tests/cupy_tests/cuda_tests/test_nccl.py ........                        [ 10%]
tests/cupy_tests/cuda_tests/test_nvrtc.py .                              [ 10%]
tests/cupy_tests/cuda_tests/test_nvtx.py ....                            [ 10%]
tests/cupy_tests/cuda_tests/test_pinned_memory.py ............           [ 10%]
tests/cupy_tests/cuda_tests/test_profile.py ..                           [ 10%]
tests/cupy_tests/cuda_tests/test_runtime.py .                            [ 10%]
tests/cupy_tests/cuda_tests/test_stream.py ..s..s......ssssssssssss.s    [ 11%]
tests/cupy_tests/cuda_tests/memory_hooks_tests/test_debug_print.py .     [ 11%]
tests/cupy_tests/cuda_tests/memory_hooks_tests/test_line_profile.py ..   [ 11%]
tests/cupy_tests/fft_tests/test_cache.py ..sss.....s..                   [ 11%]
tests/cupy_tests/fft_tests/test_callback.py ssssssssssssssssssssssssssss [ 11%]
ssssssssssssssssssssssssssssssssssssssssssssssssssssssssssssssssssssssss [ 11%]
ssssssssssssssssssssssssssssssssssssssssssssssssssssssssssssssssssssssss [ 11%]
ssssssssssssssssssssssssssssssssssssssssssssssssssssssssssssssssssssssss [ 11%]
ssssssssssssssssssssssssssssssssssssssssssssssssssssssssssssssssssssssss [ 11%]
ssssssssssssssssssssssssssssssssssssssssssssssssssssssssssssssssssssssss [ 11%]
ssssssssssssssssssssssssssssssssssssssssssssssssssssssssssssssssssssssss [ 11%]
ssssssssssssssssssssssssssssssssssssssssssssssssssssssssssssssssssssssss [ 11%]
ssssssssssssssssssssssssssssssssssssssssssssssssssss                     [ 11%]
tests/cupy_tests/fft_tests/test_fft.py ....ssss....ssss........ssss....s [ 11%]
sss........ssss....ssss........ssss....ssss........ssss....ssss........s [ 11%]
sss....ssss........ssss....ssss........ssss....ssss........ssss....ssss. [ 12%]
.......ssss....ssss....................................................s [ 12%]
ssssssssssssssssssssssssssssssssssssssssssssssssssssssssssssssssssssssss [ 12%]
sssssssssssssssssssssssssssssssssssssssssssssssssssssssssssssssssssssss. [ 12%]
.s.s..s.s..s.s..s.s..s.s..s.s..s.s..s.s..s.s..s.s..s.s..s.s..s.s..s.s..s [ 12%]
.s..s.s..s.s..s.s..s.s..s.s..s.s..s.s..s.s..s.s..s.s..s.s..s.s..s.s..s.s [ 12%]
..s.s..s.s..s.s..s.s..s.s..s.s..s.s..s.s..s.s..s.s..s.s..s.s..s.s..s.s.. [ 12%]
s.s..s.s..s.s..s.s..s.s..s.s..s.s..s.s..s.s..s.s..s.s..s.s..s.s..s.s..s. [ 12%]
s..s.s..s.s..s.s..s.s..s.s..s.s..s.s..s.s..s.s..s.s..s.s..s.s..s.s..s.s. [ 12%]
.s.s..s.s..s.s..s.s..s.s..s.s..s.s..s.s..s.s..s.s..s.s..s.s..s.s..s.s..s [ 12%]
.s..s.s..s.s..s.s..s.s..s.s..s.s..s.s..s.s.s.s.s.s.s.s.s.s.s.s.s.s.s.s.s [ 13%]
.s.s.sssss.s.s.s.s.s.s.s.s.s.s.s.s.s.s.s.s.s.s.s.s.s.s.s.s.s.s.s.s.s.s.s [ 13%]
.sssss.s.s.s.s.s.s.s.s.s.s.s.s.s.s.s.s.s.s.s.s.s.s.s.s.s.s.s.s.s.s.s.sss [ 13%]
ss.s.s.s.s.s.s.s.s.s.s.s.s.s.s.s.s.s.s.s.s.s.s.s.s.s.s.s.s.s.s.s.s.s.s.s [ 13%]
.sssssssssssssssssssssssssssssssssssssssssssssssssssssssssssss.s.s..s.s. [ 13%]
.s.s..s.s..s.s..s.s..s.s..s.s..s.s..s.s..s.s..s.s..s.s..s.s..s.s..s.s..s [ 13%]
.s..s.s..s.s..s.s..s.s..s.s..s.s..s.s...ss..ss....ss..ss....ss..ss....ss [ 13%]
..ss....ss..ss....ss..ss....ss..ss....ss..ss...s.s.s.s.s.s.s.s.s.s.s.s.s [ 13%]
.s.s.s.s.s.s.s.s.s.s.s.s.s..s.s..s.s..s.s..s.s..s.s..s.s..s.s..s.s..s.s. [ 13%]
.s.s..s.s..s.s..s.s..s.s..s.s..s.s..s.s..s.s..s.s..s.s..s.s..s.s..s.s..s [ 13%]
.s..s.s..s.s..s.s..s.s..s.s..s.s..s.s......s.s..s.s..s.s..s.s..s.s..s.s. [ 14%]
.s.s..s.s..s.s..s.s..s.s..s.s..s.s..s.s..s.s..s.s..s.s..s.s..s.s..s.s..s [ 14%]
.s..s.s..s.s..s.s..s.s..s.s..s.s..s.s..s.s..s.s..s.s..s.s..s.s..s.s..s.s [ 14%]
..s.s..s.s..s.s..s.s..s.s..s.s..s.s.sssss.s.s..s.s.sssssssssssssssssssss [ 14%]
ssssssssssssssssssssssssssssssssssssssssssss.s.s..s.s..s.s..s.s..s.s..s. [ 14%]
s..s.s..s.s..s.s..s.s..s.s..s.s..s.s..s.s..s.s..s.s..s.s..s.s..s.s..s.s. [ 14%]
.s.s..s.s..s.s..s.s..s.s..s.s.......ss..ss....ss..ss....ss..ss....ss..ss [ 14%]
....ss..ss....ss..ss....ss..ss....ss..ss........................         [ 14%]
tests/cupy_tests/functional_tests/test_piecewise.py .............        [ 14%]
tests/cupy_tests/functional_tests/test_vectorize.py .................... [ 14%]
.................................F                                       [ 14%]
tests/cupy_tests/indexing_tests/test_generate.py .......F............... [ 14%]
...............                                                          [ 14%]
tests/cupy_tests/indexing_tests/test_indexing.py ....................... [ 14%]
.........................                                                [ 14%]
tests/cupy_tests/indexing_tests/test_insert.py ......................... [ 15%]
........................................................................ [ 15%]
........................................................................ [ 15%]
.........................................................                [ 15%]
tests/cupy_tests/indexing_tests/test_iterate.py ........................ [ 15%]
...............................................                          [ 15%]
tests/cupy_tests/io_tests/test_base_n.py ............................    [ 15%]
tests/cupy_tests/io_tests/test_formatting.py ..                          [ 15%]
tests/cupy_tests/io_tests/test_npz.py .......                            [ 15%]
tests/cupy_tests/lib_tests/test_polynomial.py .......ss.......ssssssssss [ 15%]
sssssss........ssssssssssssssssssssssssssssssssssssxxxxxxxxxxxxxxxxxxxx. [ 15%]
..ssssssssssssssssssssssssssssssssssssssssssssssssssssssssssssssssssssss [ 15%]
ssssssssssssssssssssssssss......xxxxxxxxxxxxxxxxxxxxxxxx................ [ 15%]
........................................................................ [ 15%]
........xxxxxxxx........xxxxxxxx........................................ [ 15%]
...........xxxxxx............................x.......................... [ 16%]
..                                                                       [ 16%]
tests/cupy_tests/lib_tests/test_shape_base.py ......................     [ 16%]
tests/cupy_tests/lib_tests/test_strided_tricks.py ..                     [ 16%]
tests/cupy_tests/linalg_tests/test_decomposition.py .................... [ 16%]
.......................                                                  [ 16%]
tests/cupy_tests/linalg_tests/test_eigenvalue.py xxxxxxxx                [ 16%]
tests/cupy_tests/linalg_tests/test_einsum.py ........................... [ 16%]
........................................................................ [ 16%]
........................................................................ [ 16%]
........................................................................ [ 16%]
........................................................................ [ 16%]
........................................................................ [ 16%]
........................................................................ [ 16%]
........................................................................ [ 16%]
........................................................................ [ 16%]
........................................................................ [ 17%]
........................................................................ [ 17%]
..........                                                               [ 17%]
tests/cupy_tests/linalg_tests/test_norms.py ............................ [ 17%]
........................................................................ [ 17%]
........................................................................ [ 17%]
.................................................................        [ 17%]
tests/cupy_tests/linalg_tests/test_product.py .......................... [ 17%]
........................................................................ [ 17%]
........................................................................ [ 17%]
..........................................                               [ 17%]
tests/cupy_tests/linalg_tests/test_solve.py ............................ [ 17%]
....................................                                     [ 17%]
tests/cupy_tests/logic_tests/test_comparison.py ........................ [ 17%]
.....                                                                    [ 17%]
tests/cupy_tests/logic_tests/test_content.py ...                         [ 17%]
tests/cupy_tests/logic_tests/test_ops.py ....                            [ 17%]
tests/cupy_tests/logic_tests/test_truth.py ............................. [ 18%]
........................................................................ [ 18%]
........................................................................ [ 18%]
........................................................................ [ 18%]
........................................................................ [ 18%]
........................................................................ [ 18%]
........................................................................ [ 18%]
........................................................................ [ 18%]
........................................................................ [ 18%]
........................................................................ [ 18%]
...........................................                              [ 18%]
tests/cupy_tests/logic_tests/test_type_test.py ......................... [ 18%]
.......                                                                  [ 18%]
tests/cupy_tests/manipulation_tests/test_add_remove.py ................. [ 19%]
.........................                                                [ 19%]
tests/cupy_tests/manipulation_tests/test_basic.py ...................... [ 19%]
.......................................................                  [ 19%]
tests/cupy_tests/manipulation_tests/test_dims.py .....x.x............... [ 19%]
................................................                         [ 19%]
tests/cupy_tests/manipulation_tests/test_join.py ....................... [ 19%]
...........................                                              [ 19%]
tests/cupy_tests/manipulation_tests/test_kind.py ...........             [ 19%]
tests/cupy_tests/manipulation_tests/test_rearrange.py .................. [ 19%]
.......................................................                  [ 19%]
tests/cupy_tests/manipulation_tests/test_shape.py ...................... [ 19%]
......................................                                   [ 19%]
tests/cupy_tests/manipulation_tests/test_split.py ..................     [ 19%]
tests/cupy_tests/manipulation_tests/test_tiling.py ..................... [ 19%]
...........                                                              [ 19%]
tests/cupy_tests/manipulation_tests/test_transpose.py .................. [ 19%]
..........                                                               [ 19%]
tests/cupy_tests/math_tests/test_arithmetic.py ......................... [ 19%]
........................................................................ [ 19%]
........................................................................ [ 19%]
........................................................................ [ 19%]
........................................................................ [ 20%]
........................................................................ [ 20%]
........................................................................ [ 20%]
........................................................................ [ 20%]
........................................................................ [ 20%]
........................................................................ [ 20%]
........................................................................ [ 20%]
........................................................................ [ 20%]
........................................................................ [ 20%]
........................................................................ [ 20%]
........................................................................ [ 21%]
........................................................................ [ 21%]
........................................................................ [ 21%]
........................................................................ [ 21%]
........................................................................ [ 21%]
........................................................................ [ 21%]
........................................................................ [ 21%]
........................................................................ [ 21%]
........................................................................ [ 21%]
........................................................................ [ 21%]
........................................................................ [ 22%]
........................................................................ [ 22%]
........................................................................ [ 22%]
........................................................................ [ 22%]
........................................................................ [ 22%]
........................................................................ [ 22%]
........................................................................ [ 22%]
........................................................................ [ 22%]
........................................................................ [ 22%]
........................................................................ [ 22%]
........................................................................ [ 23%]
........................................................................ [ 23%]
........................................................................ [ 23%]
........................................................................ [ 23%]
........................................................................ [ 23%]
........................................................................ [ 23%]
........................................................................ [ 23%]
........................................................................ [ 23%]
........................................................................ [ 23%]
........................................................................ [ 23%]
........................................................................ [ 24%]
........................................................................ [ 24%]
........................................................................ [ 24%]
........................................................................ [ 24%]
........................................................................ [ 24%]
........................................................................ [ 24%]
........................................................................ [ 24%]
........................................................................ [ 24%]
........................................................................ [ 24%]
........................................................................ [ 24%]
........................................................................ [ 25%]
........................................................................ [ 25%]
........................................................................ [ 25%]
........................................................................ [ 25%]
........................................................................ [ 25%]
........................................................................ [ 25%]
........................................................................ [ 25%]
........................................................................ [ 25%]
........................................................................ [ 25%]
........................................................................ [ 25%]
........................................................................ [ 26%]
........................................................................ [ 26%]
........................................................................ [ 26%]
........................................................................ [ 26%]
........................................................................ [ 26%]
........................................................................ [ 26%]
........................................................................ [ 26%]
........................................................................ [ 26%]
........................................................................ [ 26%]
........................................................................ [ 26%]
........................................................................ [ 26%]
........................................................................ [ 27%]
........................................................................ [ 27%]
........................................................................ [ 27%]
........................................................................ [ 27%]
........................................................................ [ 27%]
........................................................................ [ 27%]
........................................................................ [ 27%]
........................................................................ [ 27%]
........................................................................ [ 27%]
........................................................................ [ 27%]
........................................................................ [ 28%]
........................................................................ [ 28%]
........................................................................ [ 28%]
........................................................................ [ 28%]
........................................................................ [ 28%]
........................................................................ [ 28%]
........................................................................ [ 28%]
........................................................................ [ 28%]
........................................................................ [ 28%]
........................................................................ [ 28%]
........................................................................ [ 29%]
........................................................................ [ 29%]
........................................................................ [ 29%]
........................................................................ [ 29%]
........................................................................ [ 29%]
........................................................................ [ 29%]
........................................................................ [ 29%]
........................................................................ [ 29%]
........................................................................ [ 29%]
........................................................................ [ 29%]
........................................................................ [ 30%]
........................................................................ [ 30%]
........................................................................ [ 30%]
........................................................................ [ 30%]
........................................................................ [ 30%]
........................................................................ [ 30%]
........................................................................ [ 30%]
........................................................................ [ 30%]
...........................                                              [ 30%]
tests/cupy_tests/math_tests/test_explog.py .........                     [ 30%]
tests/cupy_tests/math_tests/test_floating.py .......                     [ 30%]
tests/cupy_tests/math_tests/test_hyperbolic.py ......                    [ 30%]
tests/cupy_tests/math_tests/test_matmul.py ............................. [ 30%]
........................................................................ [ 30%]
........................................................................ [ 31%]
........................................................................ [ 31%]
................................................                         [ 31%]
tests/cupy_tests/math_tests/test_misc.py ............................... [ 31%]
............................................F..F..F..................... [ 31%]
..............................                                           [ 31%]
tests/cupy_tests/math_tests/test_rational.py ....                        [ 31%]
tests/cupy_tests/math_tests/test_rounding.py ........................... [ 31%]
..........................................                               [ 31%]
tests/cupy_tests/math_tests/test_special.py ...                          [ 31%]
tests/cupy_tests/math_tests/test_sumprod.py ............................ [ 31%]
....................................................ssssssssssssssss.... [ 31%]
........................................................................ [ 31%]
........................................................................ [ 31%]
........................................................................ [ 31%]
........................................................................ [ 32%]
........................................................................ [ 32%]
........................................................................ [ 32%]
........................................................................ [ 32%]
........................................................................ [ 32%]
..............................................................           [ 32%]
tests/cupy_tests/math_tests/test_trigonometric.py ..........sssssssss    [ 32%]
tests/cupy_tests/math_tests/test_window.py ............................. [ 32%]
.....                                                                    [ 32%]
tests/cupy_tests/misc_tests/test_memory_ranges.py ................       [ 32%]
tests/cupy_tests/misc_tests/test_who.py ......                           [ 32%]
tests/cupy_tests/padding_tests/test_pad.py ............................. [ 32%]
..............................................                           [ 32%]
tests/cupy_tests/polynomial_tests/test_polynomial.py ................... [ 32%]
                                                                         [ 32%]
tests/cupy_tests/polynomial_tests/test_polyutils.py .................... [ 32%]
................                                                         [ 32%]
tests/cupy_tests/prof_tests/test_range.py ........                       [ 32%]
tests/cupy_tests/random_tests/test_bit_generator.py ssssssssssss         [ 32%]
tests/cupy_tests/random_tests/test_distributions.py .................... [ 32%]
........................................................................ [ 32%]
................................................x.x.x.x.x.x.x.x.x.x.x.x. [ 33%]
x.x.x.x.x.x.x.x.x.x.x.x.x.x.x.x.x.x.x.x.x.x.x.x......................... [ 33%]
........................................................................ [ 33%]
........................................................................ [ 33%]
........................................................................ [ 33%]
........................................................................ [ 33%]
........................................................................ [ 33%]
........................................................................ [ 33%]
........................................................................ [ 33%]
........................................................................ [ 33%]
........................................................................ [ 34%]
........................................................................ [ 34%]
......................................................................x. [ 34%]
x.x.x.x.x............................x.x.x.x.x.x........................ [ 34%]
........................................................................ [ 34%]
.........................................F.F.                            [ 34%]
tests/cupy_tests/random_tests/test_generator.py ........................ [ 34%]
.........................................s.............................. [ 34%]
........................................................................ [ 34%]
..............................s.s....................................... [ 34%]
....................................x...............................     [ 34%]
tests/cupy_tests/random_tests/test_generator_api.py ssssssssssssssssssss [ 34%]
ssssssssssssssssssssssssssssssssssssssssssssssssssssssssssssssssssssssss [ 35%]
ssssssssss                                                               [ 35%]
tests/cupy_tests/random_tests/test_init.py .                             [ 35%]
tests/cupy_tests/random_tests/test_permutations.py ...x...x............. [ 35%]
........................................................................ [ 35%]
........................................................................ [ 35%]
.............                                                            [ 35%]
tests/cupy_tests/random_tests/test_random.py .                           [ 35%]
tests/cupy_tests/random_tests/test_sample.py ...............x........x.. [ 35%]
............                                                             [ 35%]
tests/cupy_tests/sorting_tests/test_count.py ....                        [ 35%]
tests/cupy_tests/sorting_tests/test_search.py ssssssss........ssssssss.. [ 35%]
........................................................................ [ 35%]
........................................................................ [ 35%]
....................................................................     [ 35%]
tests/cupy_tests/sorting_tests/test_sort.py ............................ [ 35%]
........................................................................ [ 35%]
..........................................................x...........   [ 35%]
tests/cupy_tests/statistics_tests/test_correlation.py .................. [ 35%]
..............................F..F.xF...................                 [ 36%]
tests/cupy_tests/statistics_tests/test_histogram.py .................... [ 36%]
........................................................................ [ 36%]
........................................................................ [ 36%]
........................................................................ [ 36%]
........................................................................ [ 36%]
........................................................                 [ 36%]
tests/cupy_tests/statistics_tests/test_meanvar.py ...................... [ 36%]
........................................................................ [ 36%]
........................................................................ [ 36%]
......                                                                   [ 36%]
tests/cupy_tests/statistics_tests/test_order.py sssss................... [ 36%]
.........................                                                [ 36%]
tests/cupy_tests/testing_tests/test_array.py ........................... [ 36%]
...............................................                          [ 36%]
tests/cupy_tests/testing_tests/test_condition.py ................        [ 36%]
tests/cupy_tests/testing_tests/test_helper.py .......................... [ 37%]
........................................................................ [ 37%]
.....sssss..sssssss..ssxxxxxxxx................x..x.................     [ 37%]
tests/cupy_tests/testing_tests/test_parameterized.py ............s.s.s.s [ 37%]
....ssss......                                                           [ 37%]
tests/cupyx_tests/test_cupyx.py ..                                       [ 37%]
tests/cupyx_tests/test_lapack.py .s.s.s.s.....s.s.s.s.....s.s.s.s.....s. [ 37%]
s.s.s.............sssssssssssss                                          [ 37%]
tests/cupyx_tests/test_optimize.py sssssssss                             [ 37%]
tests/cupyx_tests/test_pinned_array.py ................................. [ 37%]
.......................................                                  [ 37%]
tests/cupyx_tests/test_rsqrt.py .                                        [ 37%]
tests/cupyx_tests/test_runtime.py s.                                     [ 37%]
tests/cupyx_tests/test_scatter.py F..                                    [ 37%]
tests/cupyx_tests/test_time.py .........                                 [ 37%]
tests/cupyx_tests/fallback_mode_tests/test_fallback.py ................. [ 37%]
........................................................................ [ 37%]
.........                                                                [ 37%]
tests/cupyx_tests/fallback_mode_tests/test_notifications.py .........    [ 37%]
tests/cupyx_tests/jit_tests/test_raw.py ................................ [ 37%]
.........                                                                [ 37%]
tests/cupyx_tests/linalg_tests/test_solve.py xxxxxxxxxxxxxxxx....ssss    [ 37%]
tests/cupyx_tests/scipy_tests/test_get_array_module.py ..                [ 37%]
tests/cupyx_tests/scipy_tests/fft_tests/test_fft.py .................... [ 37%]
........................................................................ [ 37%]
........................................................................ [ 37%]
........................................................................ [ 38%]
........................................................................ [ 38%]
........................................................................ [ 38%]
........................................................................ [ 38%]
........................................................................ [ 38%]
........................................................................ [ 38%]
........................................................................ [ 38%]
........................................................................ [ 38%]
........................................................................ [ 38%]
........................................................................ [ 38%]
........................................................................ [ 39%]
........................................................................ [ 39%]
........................................................................ [ 39%]
........................................................................ [ 39%]
........................................................................ [ 39%]
........................................................................ [ 39%]
........................................................................ [ 39%]
........................................................................ [ 39%]
........................................................................ [ 39%]
........................................................................ [ 39%]
........................................................................ [ 40%]
........................................................................ [ 40%]
........................................................................ [ 40%]
........................................................................ [ 40%]
........................................................................ [ 40%]
........................................................................ [ 40%]
........................................................................ [ 40%]
........................................................................ [ 40%]
........................................................................ [ 40%]
........................................................................ [ 40%]
........................................................................ [ 41%]
........................................................................ [ 41%]
........................................................................ [ 41%]
........................................................................ [ 41%]
........................................................................ [ 41%]
........................................................................ [ 41%]
........................................................................ [ 41%]
........................................................................ [ 41%]
........................................................................ [ 41%]
........................................................................ [ 41%]
........................................................................ [ 42%]
........................................................................ [ 42%]
........................................................................ [ 42%]
........................................................................ [ 42%]
........................................................................ [ 42%]
........................................................................ [ 42%]
........................................................................ [ 42%]
........................................................................ [ 42%]
........................................................................ [ 42%]
........................................................................ [ 42%]
........................................................................ [ 43%]
........................................................................ [ 43%]
........................................................................ [ 43%]
........................................................................ [ 43%]
........................................................................ [ 43%]
........................................................................ [ 43%]
.Traceback (most recent call last):
  File "/home/kmaeh/.pyenv/versions/rocm-ci/lib/python3.8/site-packages/_pytest/main.py", line 269, in wrap_session
    session.exitstatus = doit(config, session) or 0
  File "/home/kmaeh/.pyenv/versions/rocm-ci/lib/python3.8/site-packages/_pytest/main.py", line 323, in _main
    config.hook.pytest_runtestloop(session=session)
  File "/home/kmaeh/.pyenv/versions/rocm-ci/lib/python3.8/site-packages/pluggy/hooks.py", line 286, in __call__
    return self._hookexec(self, self.get_hookimpls(), kwargs)
  File "/home/kmaeh/.pyenv/versions/rocm-ci/lib/python3.8/site-packages/pluggy/manager.py", line 93, in _hookexec
    return self._inner_hookexec(hook, methods, kwargs)
  File "/home/kmaeh/.pyenv/versions/rocm-ci/lib/python3.8/site-packages/pluggy/manager.py", line 84, in <lambda>
    self._inner_hookexec = lambda hook, methods, kwargs: hook.multicall(
  File "/home/kmaeh/.pyenv/versions/rocm-ci/lib/python3.8/site-packages/pluggy/callers.py", line 208, in _multicall
    return outcome.get_result()
  File "/home/kmaeh/.pyenv/versions/rocm-ci/lib/python3.8/site-packages/pluggy/callers.py", line 80, in get_result
    raise ex[1].with_traceback(ex[2])
  File "/home/kmaeh/.pyenv/versions/rocm-ci/lib/python3.8/site-packages/pluggy/callers.py", line 187, in _multicall
    res = hook_impl.function(*args)
  File "/home/kmaeh/.pyenv/versions/rocm-ci/lib/python3.8/site-packages/_pytest/main.py", line 348, in pytest_runtestloop
    item.config.hook.pytest_runtest_protocol(item=item, nextitem=nextitem)
  File "/home/kmaeh/.pyenv/versions/rocm-ci/lib/python3.8/site-packages/pluggy/hooks.py", line 286, in __call__
    return self._hookexec(self, self.get_hookimpls(), kwargs)
  File "/home/kmaeh/.pyenv/versions/rocm-ci/lib/python3.8/site-packages/pluggy/manager.py", line 93, in _hookexec
    return self._inner_hookexec(hook, methods, kwargs)
  File "/home/kmaeh/.pyenv/versions/rocm-ci/lib/python3.8/site-packages/pluggy/manager.py", line 84, in <lambda>
    self._inner_hookexec = lambda hook, methods, kwargs: hook.multicall(
  File "/home/kmaeh/.pyenv/versions/rocm-ci/lib/python3.8/site-packages/pluggy/callers.py", line 208, in _multicall
    return outcome.get_result()
  File "/home/kmaeh/.pyenv/versions/rocm-ci/lib/python3.8/site-packages/pluggy/callers.py", line 80, in get_result
    raise ex[1].with_traceback(ex[2])
  File "/home/kmaeh/.pyenv/versions/rocm-ci/lib/python3.8/site-packages/pluggy/callers.py", line 187, in _multicall
    res = hook_impl.function(*args)
  File "/home/kmaeh/.pyenv/versions/rocm-ci/lib/python3.8/site-packages/_pytest/runner.py", line 109, in pytest_runtest_protocol
    runtestprotocol(item, nextitem=nextitem)
  File "/home/kmaeh/.pyenv/versions/rocm-ci/lib/python3.8/site-packages/_pytest/runner.py", line 126, in runtestprotocol
    reports.append(call_and_report(item, "call", log))
  File "/home/kmaeh/.pyenv/versions/rocm-ci/lib/python3.8/site-packages/_pytest/runner.py", line 219, in call_and_report
    hook.pytest_runtest_logreport(report=report)
  File "/home/kmaeh/.pyenv/versions/rocm-ci/lib/python3.8/site-packages/pluggy/hooks.py", line 286, in __call__
    return self._hookexec(self, self.get_hookimpls(), kwargs)
  File "/home/kmaeh/.pyenv/versions/rocm-ci/lib/python3.8/site-packages/pluggy/manager.py", line 93, in _hookexec
    return self._inner_hookexec(hook, methods, kwargs)
  File "/home/kmaeh/.pyenv/versions/rocm-ci/lib/python3.8/site-packages/pluggy/manager.py", line 84, in <lambda>
    self._inner_hookexec = lambda hook, methods, kwargs: hook.multicall(
  File "/home/kmaeh/.pyenv/versions/rocm-ci/lib/python3.8/site-packages/pluggy/callers.py", line 208, in _multicall
    return outcome.get_result()
  File "/home/kmaeh/.pyenv/versions/rocm-ci/lib/python3.8/site-packages/pluggy/callers.py", line 80, in get_result
    raise ex[1].with_traceback(ex[2])
  File "/home/kmaeh/.pyenv/versions/rocm-ci/lib/python3.8/site-packages/pluggy/callers.py", line 187, in _multicall
    res = hook_impl.function(*args)
  File "/home/kmaeh/.pyenv/versions/rocm-ci/lib/python3.8/site-packages/_pytest/terminal.py", line 573, in pytest_runtest_logreport
    self.flush()
  File "/home/kmaeh/.pyenv/versions/rocm-ci/lib/python3.8/site-packages/_pytest/terminal.py", line 424, in flush
    self._tw.flush()
  File "/home/kmaeh/.pyenv/versions/rocm-ci/lib/python3.8/site-packages/_pytest/_io/terminalwriter.py", line 174, in flush
    self._file.flush()
OSError: [Errno 28] No space left on device

During handling of the above exception, another exception occurred:

Traceback (most recent call last):
  File "/home/kmaeh/.pyenv/versions/rocm-ci/lib/python3.8/site-packages/_pytest/main.py", line 289, in wrap_session
    config.notify_exception(excinfo, config.option)
  File "/home/kmaeh/.pyenv/versions/rocm-ci/lib/python3.8/site-packages/_pytest/config/__init__.py", line 1037, in notify_exception
    res = self.hook.pytest_internalerror(excrepr=excrepr, excinfo=excinfo)
  File "/home/kmaeh/.pyenv/versions/rocm-ci/lib/python3.8/site-packages/pluggy/hooks.py", line 286, in __call__
    return self._hookexec(self, self.get_hookimpls(), kwargs)
  File "/home/kmaeh/.pyenv/versions/rocm-ci/lib/python3.8/site-packages/pluggy/manager.py", line 93, in _hookexec
    return self._inner_hookexec(hook, methods, kwargs)
  File "/home/kmaeh/.pyenv/versions/rocm-ci/lib/python3.8/site-packages/pluggy/manager.py", line 84, in <lambda>
    self._inner_hookexec = lambda hook, methods, kwargs: hook.multicall(
  File "/home/kmaeh/.pyenv/versions/rocm-ci/lib/python3.8/site-packages/pluggy/callers.py", line 208, in _multicall
    return outcome.get_result()
  File "/home/kmaeh/.pyenv/versions/rocm-ci/lib/python3.8/site-packages/pluggy/callers.py", line 80, in get_result
    raise ex[1].with_traceback(ex[2])
  File "/home/kmaeh/.pyenv/versions/rocm-ci/lib/python3.8/site-packages/pluggy/callers.py", line 187, in _multicall
    res = hook_impl.function(*args)
  File "/home/kmaeh/.pyenv/versions/rocm-ci/lib/python3.8/site-packages/_pytest/capture.py", line 826, in pytest_internalerror
    self.stop_global_capturing()
  File "/home/kmaeh/.pyenv/versions/rocm-ci/lib/python3.8/site-packages/_pytest/capture.py", line 694, in stop_global_capturing
    self._global_capturing.stop_capturing()
  File "/home/kmaeh/.pyenv/versions/rocm-ci/lib/python3.8/site-packages/_pytest/capture.py", line 606, in stop_capturing
    self.out.done()
  File "/home/kmaeh/.pyenv/versions/rocm-ci/lib/python3.8/site-packages/_pytest/capture.py", line 437, in done
    os.close(self.targetfd_save)
OSError: [Errno 28] No space left on device

During handling of the above exception, another exception occurred:

Traceback (most recent call last):
  File "/home/kmaeh/.pyenv/versions/rocm-ci/lib/python3.8/site-packages/_pytest/config/__init__.py", line 162, in main
    ret: Union[ExitCode, int] = config.hook.pytest_cmdline_main(
  File "/home/kmaeh/.pyenv/versions/rocm-ci/lib/python3.8/site-packages/pluggy/hooks.py", line 286, in __call__
    return self._hookexec(self, self.get_hookimpls(), kwargs)
  File "/home/kmaeh/.pyenv/versions/rocm-ci/lib/python3.8/site-packages/pluggy/manager.py", line 93, in _hookexec
    return self._inner_hookexec(hook, methods, kwargs)
  File "/home/kmaeh/.pyenv/versions/rocm-ci/lib/python3.8/site-packages/pluggy/manager.py", line 84, in <lambda>
    self._inner_hookexec = lambda hook, methods, kwargs: hook.multicall(
  File "/home/kmaeh/.pyenv/versions/rocm-ci/lib/python3.8/site-packages/pluggy/callers.py", line 208, in _multicall
    return outcome.get_result()
  File "/home/kmaeh/.pyenv/versions/rocm-ci/lib/python3.8/site-packages/pluggy/callers.py", line 80, in get_result
    raise ex[1].with_traceback(ex[2])
  File "/home/kmaeh/.pyenv/versions/rocm-ci/lib/python3.8/site-packages/pluggy/callers.py", line 187, in _multicall
    res = hook_impl.function(*args)
  File "/home/kmaeh/.pyenv/versions/rocm-ci/lib/python3.8/site-packages/_pytest/main.py", line 316, in pytest_cmdline_main
    return wrap_session(config, _main)
  File "/home/kmaeh/.pyenv/versions/rocm-ci/lib/python3.8/site-packages/_pytest/main.py", line 311, in wrap_session
    config._ensure_unconfigure()
  File "/home/kmaeh/.pyenv/versions/rocm-ci/lib/python3.8/site-packages/_pytest/config/__init__.py", line 987, in _ensure_unconfigure
    self.hook.pytest_unconfigure(config=self)
  File "/home/kmaeh/.pyenv/versions/rocm-ci/lib/python3.8/site-packages/pluggy/hooks.py", line 286, in __call__
    return self._hookexec(self, self.get_hookimpls(), kwargs)
  File "/home/kmaeh/.pyenv/versions/rocm-ci/lib/python3.8/site-packages/pluggy/manager.py", line 93, in _hookexec
    return self._inner_hookexec(hook, methods, kwargs)
  File "/home/kmaeh/.pyenv/versions/rocm-ci/lib/python3.8/site-packages/pluggy/manager.py", line 84, in <lambda>
    self._inner_hookexec = lambda hook, methods, kwargs: hook.multicall(
  File "/home/kmaeh/.pyenv/versions/rocm-ci/lib/python3.8/site-packages/pluggy/callers.py", line 208, in _multicall
    return outcome.get_result()
  File "/home/kmaeh/.pyenv/versions/rocm-ci/lib/python3.8/site-packages/pluggy/callers.py", line 80, in get_result
    raise ex[1].with_traceback(ex[2])
  File "/home/kmaeh/.pyenv/versions/rocm-ci/lib/python3.8/site-packages/pluggy/callers.py", line 187, in _multicall
    res = hook_impl.function(*args)
  File "/home/kmaeh/.pyenv/versions/rocm-ci/lib/python3.8/site-packages/_pytest/faulthandler.py", line 65, in pytest_unconfigure
    config._store[fault_handler_stderr_key].close()
OSError: [Errno 28] No space left on device

During handling of the above exception, another exception occurred:

Traceback (most recent call last):
  File "/home/kmaeh/.pyenv/versions/3.8.7/lib/python3.8/runpy.py", line 194, in _run_module_as_main
    return _run_code(code, main_globals, None,
  File "/home/kmaeh/.pyenv/versions/3.8.7/lib/python3.8/runpy.py", line 87, in _run_code
    exec(code, run_globals)
  File "/home/kmaeh/.pyenv/versions/rocm-ci/lib/python3.8/site-packages/pytest/__main__.py", line 5, in <module>
    raise SystemExit(pytest.console_main())
  File "/home/kmaeh/.pyenv/versions/rocm-ci/lib/python3.8/site-packages/_pytest/config/__init__.py", line 185, in console_main
    code = main()
  File "/home/kmaeh/.pyenv/versions/rocm-ci/lib/python3.8/site-packages/_pytest/config/__init__.py", line 170, in main
    config._ensure_unconfigure()
  File "/home/kmaeh/.pyenv/versions/rocm-ci/lib/python3.8/site-packages/_pytest/config/__init__.py", line 991, in _ensure_unconfigure
    fin()
  File "/home/kmaeh/.pyenv/versions/rocm-ci/lib/python3.8/site-packages/_pytest/capture.py", line 694, in stop_global_capturing
    self._global_capturing.stop_capturing()
  File "/home/kmaeh/.pyenv/versions/rocm-ci/lib/python3.8/site-packages/_pytest/capture.py", line 603, in stop_capturing
    raise ValueError("was already stopped")
ValueError: was already stopped
.

= 13 failed, 26463 passed, 4976 skipped, 71 deselected, 174 xfailed, 233 warnings in 14256.24s (3:57:36) =
